0 info it worked if it ends with ok
1 verbose cli [ '/usr/bin/nodejs', '/usr/bin/npm', 'rebuild', 'node-sass' ]
2 info using npm@3.8.3
3 info using node@v5.10.1
4 info readInstalled object
5 verbose rebuild path, id [ '/home/vagrant/Code/yeller-backend/node_modules/node-sass',
5 verbose rebuild   'node-sass@3.13.1' ]
6 silly rebuild set [ '/home/vagrant/Code/yeller-backend/node_modules/node-sass' ]
7 info build /home/vagrant/Code/yeller-backend/node_modules/node-sass
8 info lifecycle node-sass@3.13.1~preinstall: node-sass@3.13.1
9 silly lifecycle node-sass@3.13.1~preinstall: no script for preinstall, continuing
10 info linkStuff node-sass@3.13.1
11 silly linkStuff node-sass@3.13.1 has /home/vagrant/Code/yeller-backend/node_modules as its parent node_modules
12 verbose linkBins node-sass@3.13.1
13 verbose link bins [ { 'node-sass': 'bin/node-sass' },
13 verbose link bins   '/home/vagrant/Code/yeller-backend/node_modules/.bin',
13 verbose link bins   false ]
14 verbose linkMans node-sass@3.13.1
15 verbose rebuildBundles node-sass@3.13.1
16 verbose rebuildBundles [ 'gaze',
16 verbose rebuildBundles   'glob',
16 verbose rebuildBundles   'globule',
16 verbose rebuildBundles   'lodash',
16 verbose rebuildBundles   'lodash.clonedeep',
16 verbose rebuildBundles   'minimatch' ]
17 verbose rebuild bundle /home/vagrant/Code/yeller-backend/node_modules/node-sass/node_modules/globule
18 info build /home/vagrant/Code/yeller-backend/node_modules/node-sass/node_modules/globule
19 silly gentlyRm /home/vagrant/Code/yeller-backend/node_modules/.bin/node-sass is being purged
20 verbose gentlyRm don't care about contents; nuking /home/vagrant/Code/yeller-backend/node_modules/.bin/node-sass
21 info lifecycle globule@1.1.0~preinstall: globule@1.1.0
22 silly lifecycle globule@1.1.0~preinstall: no script for preinstall, continuing
23 info linkStuff globule@1.1.0
24 silly linkStuff globule@1.1.0 has /home/vagrant/Code/yeller-backend/node_modules/node-sass/node_modules as its parent node_modules
25 verbose linkBins globule@1.1.0
26 verbose linkMans globule@1.1.0
27 verbose rebuildBundles globule@1.1.0
28 info lifecycle globule@1.1.0~install: globule@1.1.0
29 silly lifecycle globule@1.1.0~install: no script for install, continuing
30 info lifecycle globule@1.1.0~postinstall: globule@1.1.0
31 silly lifecycle globule@1.1.0~postinstall: no script for postinstall, continuing
32 verbose rebuild bundle /home/vagrant/Code/yeller-backend/node_modules/node-sass/node_modules/lodash
33 info build /home/vagrant/Code/yeller-backend/node_modules/node-sass/node_modules/lodash
34 info lifecycle lodash@4.16.6~preinstall: lodash@4.16.6
35 silly lifecycle lodash@4.16.6~preinstall: no script for preinstall, continuing
36 info linkStuff lodash@4.16.6
37 silly linkStuff lodash@4.16.6 has /home/vagrant/Code/yeller-backend/node_modules/node-sass/node_modules as its parent node_modules
38 verbose linkBins lodash@4.16.6
39 verbose linkMans lodash@4.16.6
40 verbose rebuildBundles lodash@4.16.6
41 info lifecycle lodash@4.16.6~install: lodash@4.16.6
42 silly lifecycle lodash@4.16.6~install: no script for install, continuing
43 info lifecycle lodash@4.16.6~postinstall: lodash@4.16.6
44 silly lifecycle lodash@4.16.6~postinstall: no script for postinstall, continuing
45 verbose rebuild bundle /home/vagrant/Code/yeller-backend/node_modules/node-sass/node_modules/minimatch
46 info build /home/vagrant/Code/yeller-backend/node_modules/node-sass/node_modules/minimatch
47 info lifecycle minimatch@3.0.3~preinstall: minimatch@3.0.3
48 silly lifecycle minimatch@3.0.3~preinstall: no script for preinstall, continuing
49 info linkStuff minimatch@3.0.3
50 silly linkStuff minimatch@3.0.3 has /home/vagrant/Code/yeller-backend/node_modules/node-sass/node_modules as its parent node_modules
51 verbose linkBins minimatch@3.0.3
52 verbose linkMans minimatch@3.0.3
53 verbose rebuildBundles minimatch@3.0.3
54 info lifecycle minimatch@3.0.3~install: minimatch@3.0.3
55 silly lifecycle minimatch@3.0.3~install: no script for install, continuing
56 info lifecycle minimatch@3.0.3~postinstall: minimatch@3.0.3
57 silly lifecycle minimatch@3.0.3~postinstall: no script for postinstall, continuing
58 verbose stack Error: EPROTO: protocol error, symlink '../node-sass/bin/node-sass' -> '/home/vagrant/Code/yeller-backend/node_modules/.bin/node-sass'
58 verbose stack     at Error (native)
59 verbose cwd /home/vagrant/Code/yeller-backend
60 error Linux 3.19.0-25-generic
61 error argv "/usr/bin/nodejs" "/usr/bin/npm" "rebuild" "node-sass"
62 error node v5.10.1
63 error npm  v3.8.3
64 error path ../node-sass/bin/node-sass
65 error code EPROTO
66 error errno -71
67 error syscall symlink
68 error EPROTO: protocol error, symlink '../node-sass/bin/node-sass' -> '/home/vagrant/Code/yeller-backend/node_modules/.bin/node-sass'
69 error If you need help, you may report this error at:
69 error     <https://github.com/npm/npm/issues>
70 verbose exit [ -71, true ]
